<?xml version="1.0" encoding="UTF-8"?>
<testsuite xmlns:xsi="http://www.w3.org/2001/XMLSchema-instance" xsi:noNamespaceSchemaLocation="https://maven.apache.org/surefire/maven-surefire-plugin/xsd/surefire-test-report-3.0.xsd" version="3.0" name="com.snake.model.DirectionTest" time="0.025" tests="7" errors="0" skipped="0" failures="0">
  <properties>
[...]
</properties>
  <testcase name="testRightDeltaIsPositiveX" classname="com.snake.model.DirectionTest" time="0.009"/>
  <testcase name="testNextPositionFromDirection" classname="com.snake.model.DirectionTest" time="0.002"/>
  <testcase name="testUpDeltaIsNegativeY" classname="com.snake.model.DirectionTest" time="0.0"/>
  <testcase name="testOppositeDetectionLeftRight" classname="com.snake.model.DirectionTest" time="0.0"/>
  <testcase name="testDownDeltaIsPositiveY" classname="com.snake.model.DirectionTest" time="0.001"/>
  <testcase name="testOppositeDetectionUpDown" classname="com.snake.model.DirectionTest" time="0.001"/>
  <testcase name="testLeftDeltaIsNegativeX" classname="com.snake.model.DirectionTest" time="0.001"/>
</testsuite>